<?xml version="1.0" encoding="UTF-8"?>
<!-- Generated by org.testng.reporters.JUnitReportReporter -->
<testsuite hostname="Kushal" name="com.salesforce.automation.TestCase_Account" tests="3" failures="0" timestamp="4 May 2020 21:20:22 GMT" time="29.465" errors="0">
  <testcase name="G_ValidateAccountCreation" time="8.872" classname="com.salesforce.automation.TestCase_Account"/>
  <testcase name="F_ValidateAppChange" time="12.201" classname="com.salesforce.automation.TestCase_Account"/>
  <testcase name="H_ValidateContactCreation" time="8.392" classname="com.salesforce.automation.TestCase_Account"/>
</testsuite> <!-- com.salesforce.automation.TestCase_Account -->
