<?xml version="1.0" encoding="UTF-8"?>
<!-- Generated by org.testng.reporters.JUnitReportReporter -->
<testsuite hostname="Kushal" name="com.salesforce.automation.TestCase_B_Salesforce_CheckUI" tests="2" failures="0" timestamp="5 May 2020 08:26:15 GMT" time="45.663" errors="0">
  <testcase name="E_ValidateSwitchToLightening" time="41.575" classname="com.salesforce.automation.TestCase_B_Salesforce_CheckUI"/>
  <testcase name="D_ValidateLandingPageIsLightening" time="4.088" classname="com.salesforce.automation.TestCase_B_Salesforce_CheckUI"/>
</testsuite> <!-- com.salesforce.automation.TestCase_B_Salesforce_CheckUI -->
