<?xml version="1.0" encoding="UTF-8"?>
<!-- Generated by org.testng.reporters.JUnitReportReporter -->
<testsuite hostname="Kushal" name="com.salesforce.automation.TestCase_C_Account_Contact_Case" tests="4" failures="0" timestamp="5 May 2020 08:26:15 GMT" time="72.014" errors="0">
  <testcase name="F_ValidateAppChange" time="20.970" classname="com.salesforce.automation.TestCase_C_Account_Contact_Case"/>
  <testcase name="G_ValidateAccountCreation" time="17.274" classname="com.salesforce.automation.TestCase_C_Account_Contact_Case"/>
  <testcase name="I_ValidateCaseCreation" time="22.101" classname="com.salesforce.automation.TestCase_C_Account_Contact_Case"/>
  <testcase name="H_ValidateContactCreation" time="11.669" classname="com.salesforce.automation.TestCase_C_Account_Contact_Case"/>
</testsuite> <!-- com.salesforce.automation.TestCase_C_Account_Contact_Case -->
