<?xml version="1.0" encoding="UTF-8"?>
<!-- Generated by org.testng.reporters.JUnitReportReporter -->
<testsuite hostname="Kushal" name="com.salesforce.automation.TestCase_A_Login_DevAcc" tests="3" failures="0" timestamp="5 May 2020 08:26:15 GMT" time="56.682" errors="0">
  <testcase name="C_ValidLogin" time="41.209" classname="com.salesforce.automation.TestCase_A_Login_DevAcc"/>
  <testcase name="A_InvalidUserName" time="12.299" classname="com.salesforce.automation.TestCase_A_Login_DevAcc"/>
  <testcase name="B_InvalidPassword" time="3.174" classname="com.salesforce.automation.TestCase_A_Login_DevAcc"/>
</testsuite> <!-- com.salesforce.automation.TestCase_A_Login_DevAcc -->
