<?xml version="1.0" encoding="UTF-8"?>
<!-- Generated by org.testng.reporters.JUnitReportReporter -->
<testsuite hostname="Kushal" name="com.salesforce.automation.TestCase_Login" tests="3" failures="0" timestamp="1 May 2020 20:40:28 GMT" time="25.296" errors="0">
  <testcase name="A_InvalidUserName" time="4.208" classname="com.salesforce.automation.TestCase_Login"/>
  <testcase name="B_InvalidPassword" time="4.498" classname="com.salesforce.automation.TestCase_Login"/>
  <testcase name="C_validLogin" time="16.590" classname="com.salesforce.automation.TestCase_Login"/>
</testsuite> <!-- com.salesforce.automation.TestCase_Login -->
