<?xml version="1.0" encoding="UTF-8"?>
<!-- Generated by org.testng.reporters.JUnitReportReporter -->
<testsuite hostname="Kushal" name="com.salesforce.automation.TestCase_Salesforce_CheckUI" tests="2" failures="0" timestamp="4 May 2020 21:20:22 GMT" time="22.925" errors="0">
  <testcase name="E_ValidateSwitchToLightening" time="21.309" classname="com.salesforce.automation.TestCase_Salesforce_CheckUI"/>
  <testcase name="D_ValidateLandingPageIsLightening" time="1.616" classname="com.salesforce.automation.TestCase_Salesforce_CheckUI"/>
</testsuite> <!-- com.salesforce.automation.TestCase_Salesforce_CheckUI -->
