<?xml version="1.0" encoding="UTF-8"?>
<!-- Generated by org.testng.reporters.JUnitReportReporter -->
<testsuite name="com.salesforce.automation.TestCase_A_Login_DevAcc" tests="3" time="53.214" ignored="0" failures="0" timestamp="27 May 2020 13:27:07 GMT" skipped="0" hostname="Kushal" errors="0">
  <testcase name="B_InvalidPassword" time="2.310" classname="com.salesforce.automation.TestCase_A_Login_DevAcc"/>
  <testcase name="A_InvalidUserName" time="5.631" classname="com.salesforce.automation.TestCase_A_Login_DevAcc"/>
  <testcase name="C_ValidLogin" time="45.273" classname="com.salesforce.automation.TestCase_A_Login_DevAcc"/>
</testsuite> <!-- com.salesforce.automation.TestCase_A_Login_DevAcc -->
