<?xml version="1.0" encoding="UTF-8"?>
<!-- Generated by org.testng.reporters.JUnitReportReporter -->
<testsuite name="com.salesforce.automation.TestCase_B_Salesforce_CheckUI" tests="2" time="32.188" ignored="0" failures="0" timestamp="27 May 2020 13:27:07 GMT" skipped="0" hostname="Kushal" errors="0">
  <testcase name="D_ValidateLandingPageIsLightening" time="1.768" classname="com.salesforce.automation.TestCase_B_Salesforce_CheckUI"/>
  <testcase name="E_ValidateSwitchToLightening" time="30.420" classname="com.salesforce.automation.TestCase_B_Salesforce_CheckUI"/>
</testsuite> <!-- com.salesforce.automation.TestCase_B_Salesforce_CheckUI -->
