<?xml version="1.0" encoding="UTF-8"?>
<!-- Generated by org.testng.reporters.JUnitReportReporter -->
<testsuite hostname="Kushal" name="com.salesforce.automation.TestCase_Login_DevAcc" tests="3" failures="0" timestamp="4 May 2020 21:20:22 GMT" time="28.626" errors="0">
  <testcase name="B_InvalidPassword" time="2.101" classname="com.salesforce.automation.TestCase_Login_DevAcc"/>
  <testcase name="C_ValidLogin" time="23.027" classname="com.salesforce.automation.TestCase_Login_DevAcc"/>
  <testcase name="A_InvalidUserName" time="3.498" classname="com.salesforce.automation.TestCase_Login_DevAcc"/>
</testsuite> <!-- com.salesforce.automation.TestCase_Login_DevAcc -->
